<?xml version="1.0" encoding="UTF-8"?>
<!-- Generated by org.testng.reporters.JUnitXMLReporter -->
<testsuite ignored="0" hostname="DESKTOP-Q17AFPI" failures="0" tests="3" name="Test" time="43.803" errors="0" timestamp="2023-08-02T22:04:02 IST">
  <testcase classname="amazonPackage.FirstClass" name="amazonSite" time="22.462"/>
  <testcase classname="amazonPackage.SecondClass" name="flipkart" time="10.11"/>
  <testcase classname="amazonPackage.ThirdClass" name="myntra" time="11.166"/>
</testsuite> <!-- Test -->
