<?xml version="1.0" encoding="UTF-8"?>
<testng-results ignored="0" total="3" passed="3" failed="0" skipped="0">
  <reporter-output>
  </reporter-output>
  <suite started-at="2023-08-02T22:03:18 IST" name="Suite" finished-at="2023-08-02T22:04:02 IST" duration-ms="43803">
    <groups>
    </groups>
    <test started-at="2023-08-02T22:03:18 IST" name="Test" finished-at="2023-08-02T22:04:02 IST" duration-ms="43803">
      <class name="amazonPackage.FirstClass">
        <test-method signature="amazonSite()[pri:0, instance:amazonPackage.FirstClass@222545dc]" started-at="2023-08-02T22:03:18 IST" name="amazonSite" finished-at="2023-08-02T22:03:41 IST" duration-ms="22462" status="PASS">
          <reporter-output>
          </reporter-output>
        </test-method> <!-- amazonSite -->
      </class> <!-- amazonPackage.FirstClass -->
      <class name="amazonPackage.ThirdClass">
        <test-method signature="myntra()[pri:0, instance:amazonPackage.ThirdClass@35cabb2a]" started-at="2023-08-02T22:03:51 IST" name="myntra" finished-at="2023-08-02T22:04:02 IST" duration-ms="11166" status="PASS">
          <reporter-output>
          </reporter-output>
        </test-method> <!-- myntra -->
      </class> <!-- amazonPackage.ThirdClass -->
      <class name="amazonPackage.SecondClass">
        <test-method signature="flipkart()[pri:0, instance:amazonPackage.SecondClass@3a93b025]" started-at="2023-08-02T22:03:41 IST" name="flipkart" finished-at="2023-08-02T22:03:51 IST" duration-ms="10110" status="PASS">
          <reporter-output>
          </reporter-output>
        </test-method> <!-- flipkart -->
      </class> <!-- amazonPackage.SecondClass -->
    </test> <!-- Test -->
  </suite> <!-- Suite -->
</testng-results>
